<?xml version="1.0" encoding="UTF-8"?>
<!-- Generated by org.testng.reporters.JUnitXMLReporter -->
<testsuite ignored="0" hostname="DESKTOP-L7E7ROD" failures="1" tests="3" name="Test1" time="167.457" errors="0" timestamp="2023-03-28T13:36:33 IST">
  <testcase classname="crossbrowser.User_TC" name="checkOut" time="13.982">
    <failure type="java.lang.AssertionError" message="null">
      <![CDATA[java.lang.AssertionError: null
at crossbrowser.User_TC.checkOut(User_TC.java:26)
at java.base/java.util.ArrayList.forEach(ArrayList.java:1511)
at java.base/java.util.concurrent.FutureTask.run(FutureTask.java:264)
at java.base/java.util.concurrent.ThreadPoolExecutor.runWorker(ThreadPoolExecutor.java:1136)
at java.base/java.util.concurrent.ThreadPoolExecutor$Worker.run(ThreadPoolExecutor.java:635)
at java.base/java.lang.Thread.run(Thread.java:833)
... Removed 20 stack frames]]>
    </failure>
  </testcase> <!-- checkOut -->
  <testcase classname="crossbrowser.User_TC" name="wishList" time="32.398"/>
  <testcase classname="crossbrowser.User_TC" name="wishListToAddToCart" time="32.207"/>
</testsuite> <!-- Test1 -->
