<?xml version="1.0" encoding="UTF-8"?>
<!-- Generated by org.testng.reporters.JUnitReportReporter -->
<testsuite hostname="DESKTOP-L7E7ROD" failures="0" tests="4" name="testMethods.User_TC" time="0.057" errors="1" timestamp="2023-04-06T12:54:22 IST" skipped="3">
  <testcase classname="testMethods.User_TC" name="connectToDB" time="0.057">
    <error message="URLDecoder: Illegal hex characters in escape (%) pattern - Error at index 0 in: &quot;&quot;,&quot;" type="java.lang.IllegalArgumentException">
      <![CDATA[java.lang.IllegalArgumentException: URLDecoder: Illegal hex characters in escape (%) pattern - Error at index 0 in: "","
at java.base/java.net.URLDecoder.decode(URLDecoder.java:237)
at java.base/java.net.URLDecoder.decode(URLDecoder.java:147)
at com.mysql.cj.conf.ConnectionUrlParser.decode(ConnectionUrlParser.java:569)
at com.mysql.cj.conf.ConnectionUrlParser.parseConnectionString(ConnectionUrlParser.java:167)
at com.mysql.cj.conf.ConnectionUrlParser.<init>(ConnectionUrlParser.java:137)
at com.mysql.cj.conf.ConnectionUrlParser.parseConnectionString(ConnectionUrlParser.java:119)
at com.mysql.cj.conf.ConnectionUrl.getConnectionUrlInstance(ConnectionUrl.java:279)
at com.mysql.cj.jdbc.NonRegisteringDriver.connect(NonRegisteringDriver.java:195)
at java.sql/java.sql.DriverManager.getConnection(DriverManager.java:681)
at java.sql/java.sql.DriverManager.getConnection(DriverManager.java:229)
at com.GenericUtilities.DatabaseUtility.connectToDb(DatabaseUtility.java:14)
at com.GenericUtilities.BaseClass.connectToDB(BaseClass.java:31)
at java.base/jdk.internal.reflect.NativeMethodAccessorImpl.invoke0(Native Method)
at java.base/jdk.internal.reflect.NativeMethodAccessorImpl.invoke(NativeMethodAccessorImpl.java:77)
at java.base/jdk.internal.reflect.DelegatingMethodAccessorImpl.invoke(DelegatingMethodAccessorImpl.java:43)
at java.base/java.lang.reflect.Method.invoke(Method.java:568)
at org.testng.internal.MethodInvocationHelper.invokeMethod(MethodInvocationHelper.java:133)
at org.testng.internal.MethodInvocationHelper.invokeMethodConsideringTimeout(MethodInvocationHelper.java:62)
at org.testng.internal.ConfigInvoker.invokeConfigurationMethod(ConfigInvoker.java:385)
at org.testng.internal.ConfigInvoker.invokeConfigurations(ConfigInvoker.java:321)
at org.testng.SuiteRunner.privateRun(SuiteRunner.java:317)
at org.testng.SuiteRunner.run(SuiteRunner.java:276)
at org.testng.SuiteRunnerWorker.runSuite(SuiteRunnerWorker.java:53)
at org.testng.SuiteRunnerWorker.run(SuiteRunnerWorker.java:96)
at org.testng.TestNG.runSuitesSequentially(TestNG.java:1212)
at org.testng.TestNG.runSuitesLocally(TestNG.java:1134)
at org.testng.TestNG.runSuites(TestNG.java:1063)
at org.testng.TestNG.run(TestNG.java:1031)
at org.testng.remote.AbstractRemoteTestNG.run(AbstractRemoteTestNG.java:115)
at org.testng.remote.RemoteTestNG.initAndRun(RemoteTestNG.java:251)
at org.testng.remote.RemoteTestNG.main(RemoteTestNG.java:77)
]]>
    </error>
  </testcase> <!-- connectToDB -->
  <system-out/>
  <testcase classname="testMethods.User_TC" name="checkOut" time="0.000">
    <skipped/>
  </testcase> <!-- checkOut -->
  <system-out/>
  <testcase classname="testMethods.User_TC" name="wishList" time="0.000">
    <skipped/>
  </testcase> <!-- wishList -->
  <system-out/>
  <testcase classname="testMethods.User_TC" name="wishListToAddToCart" time="0.000">
    <skipped/>
  </testcase> <!-- wishListToAddToCart -->
  <system-out/>
</testsuite> <!-- testMethods.User_TC -->
